<?xml version="1.0" encoding="UTF-8"?>
<testng-results ignored="0" total="5" passed="5" failed="0" skipped="0">
  <reporter-output>
  </reporter-output>
  <suite started-at="2021-06-10T22:55:51 PST" name="Suite" finished-at="2021-06-10T22:55:51 PST" duration-ms="42">
    <groups>
    </groups>
    <test started-at="2021-06-10T22:55:51 PST" name="Test" finished-at="2021-06-10T22:55:51 PST" duration-ms="42">
      <class name="qaclickacademy.Mavenjava.AppiumTest">
        <test-method signature="IOSApps()[pri:0, instance:qaclickacademy.Mavenjava.AppiumTest@55a561cf]" started-at="2021-06-10T22:55:51 PST" name="IOSApps" finished-at="2021-06-10T22:55:51 PST" duration-ms="0" status="PASS">
          <reporter-output>
          </reporter-output>
        </test-method> <!-- IOSApps -->
      </class> <!-- qaclickacademy.Mavenjava.AppiumTest -->
      <class name="qaclickacademy.Mavenjava.RESTAPITest">
        <test-method signature="deleteTwitter()[pri:0, instance:qaclickacademy.Mavenjava.RESTAPITest@691a7f8f]" started-at="2021-06-10T22:55:51 PST" name="deleteTwitter" finished-at="2021-06-10T22:55:51 PST" duration-ms="5" status="PASS">
          <reporter-output>
          </reporter-output>
        </test-method> <!-- deleteTwitter -->
        <test-method signature="posJira()[pri:0, instance:qaclickacademy.Mavenjava.RESTAPITest@691a7f8f]" started-at="2021-06-10T22:55:51 PST" name="posJira" finished-at="2021-06-10T22:55:51 PST" duration-ms="0" status="PASS">
          <reporter-output>
          </reporter-output>
        </test-method> <!-- posJira -->
      </class> <!-- qaclickacademy.Mavenjava.RESTAPITest -->
      <class name="qaclickacademy.Mavenjava.SeleniumTest">
        <test-method signature="BrowserAutomation()[pri:0, instance:qaclickacademy.Mavenjava.SeleniumTest@3b938003]" started-at="2021-06-10T22:55:51 PST" name="BrowserAutomation" finished-at="2021-06-10T22:55:51 PST" duration-ms="1" status="PASS">
          <reporter-output>
          </reporter-output>
        </test-method> <!-- BrowserAutomation -->
        <test-method signature="elementsUI()[pri:0, instance:qaclickacademy.Mavenjava.SeleniumTest@3b938003]" started-at="2021-06-10T22:55:51 PST" name="elementsUI" finished-at="2021-06-10T22:55:51 PST" duration-ms="0" status="PASS">
          <reporter-output>
          </reporter-output>
        </test-method> <!-- elementsUI -->
      </class> <!-- qaclickacademy.Mavenjava.SeleniumTest -->
    </test> <!-- Test -->
  </suite> <!-- Suite -->
</testng-results>
